Chronologic VCS simulator copyright 1991-2016
Contains Synopsys proprietary information.
Compiler version L-2016.06-SP2-4_Full64; Runtime version L-2016.06-SP2-4_Full64;  Mar  4 13:38 2020
VCD+ Writer L-2016.06-SP2-4_Full64 Copyright (c) 1991-2016 by Synopsys Inc.
The file '/home/ugrads/d/dweerasinghe/ECEN350/Lab7/inter.vpd' was opened successfully.
                             ADD1 passed
                             ADD2 passed
                             AND1 passed
                             AND2 passed
                             ORR1 passed
                             ORR2 passed
                             SUB1 passed
                             SUB2 passed
                            PASS1 passed
                            PASS2 passed
All tests passed
Simulation complete, time is 400000 ps.
           V C S   S i m u l a t i o n   R e p o r t 
Time: 400000 ps
CPU Time:      0.070 seconds;       Data structure size:   0.0Mb
Wed Mar  4 13:38:56 2020
Updating preference file: /home/ugrads/d/dweerasinghe/.synopsys_dve_prefs.tcl
