# Preference setting overrides
gui_create_pref_key -category {Globals} -key {load_detail_for_funcov} -value_type {bool} -value {false}

# State setting overrides
gui_state_default_create -off -ini
gui_create_state_key -category FindDialog -key m_pMatchCase -value_type bool -value false
gui_create_state_key -category FindDialog -key m_pMatchWord -value_type bool -value false
gui_create_state_key -category FindDialog -key m_pUseCombo -value_type string -value {}
gui_create_state_key -category FindDialog -key m_pWrapAround -value_type bool -value true
gui_state_default_create -off

# Begin command logging
gui_sim_run Ucli -exe ./simv -args {-ucligui  } -dir .
gui_sim_continue  
gui_list_expand -id  Hier.1   GatesTest
gui_list_select -id Hier.1 -current_item_name GatesTest.DUT -current_item_type Scope  -selected  { GatesTest.DUT   }
gui_open_window Wave
gui_list_add -id Wave.1 -from Hier.1 { GatesTest.DUT } -insertionbar
gui_wv_zoom_timerange -id  Wave.1 0 294
gui_sim_restart
gui_wv_zoom_timerange -id  Wave.1 0 192
gui_sim_continue  
gui_wv_zoom_timerange -id  Wave.1 0 294
gui_close_window -window TopLevel.1
