Chronologic VCS simulator copyright 1991-2016
Contains Synopsys proprietary information.
Compiler version L-2016.06-SP2-4_Full64; Runtime version L-2016.06-SP2-4_Full64;  Feb 26 12:14 2020
VCD+ Writer L-2016.06-SP2-4_Full64 Copyright (c) 1991-2016 by Synopsys Inc.
The file '/home/ugrads/d/dweerasinghe/ECEN350/Lab6/inter.vpd' was opened successfully.
$finish called from file "GatesTest.v", line 14.
$finish at simulation time                   40
Simulation complete, time is 40.
Chronologic VCS simulator copyright 1991-2016
Contains Synopsys proprietary information.
Compiler version L-2016.06-SP2-4_Full64; Runtime version L-2016.06-SP2-4_Full64;  Feb 26 12:16 2020
VCD+ Writer L-2016.06-SP2-4_Full64 Copyright (c) 1991-2016 by Synopsys Inc.
The file '/home/ugrads/d/dweerasinghe/ECEN350/Lab6/inter.vpd' was opened successfully.
$finish called from file "GatesTest.v", line 14.
$finish at simulation time                   40
Simulation complete, time is 40.
           V C S   S i m u l a t i o n   R e p o r t 
Time: 40
CPU Time:      0.080 seconds;       Data structure size:   0.0Mb
Wed Feb 26 12:48:08 2020
Updating preference file: /home/ugrads/d/dweerasinghe/.synopsys_dve_prefs.tcl
